INFO: Executing [32mmacs2_call_peak_0[0m: gunzip the raw sequencing file with a filename file_name
INFO: macs2_call_peak_0 input:    [32m['../unified_data_repo/20170120_second/323A_gDNA_seal.hg19_bowtie1.bam', '../unified_data_repo/20170120_second/323A_gDNA_input.hg19_bowtie1.bam'][0m
usage: macs2 callpeak [-h] -t TFILE [TFILE ...] [-c [CFILE [CFILE ...]]]
                      [-f {AUTO,BAM,SAM,BED,ELAND,ELANDMULTI,ELANDEXPORT,BOWTIE,BAMPE}]
                      [-g GSIZE] [--keep-dup KEEPDUPLICATES]
                      [--buffer-size BUFFER_SIZE] [--outdir OUTDIR] [-n NAME]
                      [-B] [--verbose VERBOSE] [--trackline] [--SPMR]
                      [-s TSIZE] [--bw BW] [-m MFOLD MFOLD] [--fix-bimodal]
                      [--nomodel] [--shift SHIFT] [--extsize EXTSIZE]
                      [-q QVALUE | -p PVALUE] [--to-large] [--ratio RATIO]
                      [--down-sample] [--seed SEED] [--nolambda]
                      [--slocal SMALLLOCAL] [--llocal LARGELOCAL] [--broad]
                      [--broad-cutoff BROADCUTOFF] [--cutoff-analysis]
                      [--call-summits] [--fe-cutoff FECUTOFF]
macs2 callpeak: error: argument -q/--qvalue: invalid float value: 'value'
[91mERROR[0m: [91mFailed to execute workflow macs2_call_peak
[macs2_call_peak_0] RuntimeError:
	Failed to process statement run(r"""macs2 callpeak -t ${_i...up}\n\n""")\n: Failed to execute script (ret=2). 
Please use command
    /bin/bash /media/yuwen/Elements/Tiao_Seq/processing_command/.sos/macs2_call_peak_0_0
under /media/yuwen/Elements/Tiao_Seq/processing_command to test it.
[macs2_call_peak] RuntimeError:
	1 failed step: macs2_call_peak_0[0m
INFO: Executing [32mmacs2_call_peak_0[0m: gunzip the raw sequencing file with a filename file_name
INFO: macs2_call_peak_0 input:    [32m['../unified_data_repo/20170120_second/323T_gDNA_seal.hg19_bowtie1.bam', '../unified_data_repo/20170120_second/323T_gDNA_input.hg19_bowtie1.bam'][0m
usage: macs2 callpeak [-h] -t TFILE [TFILE ...] [-c [CFILE [CFILE ...]]]
                      [-f {AUTO,BAM,SAM,BED,ELAND,ELANDMULTI,ELANDEXPORT,BOWTIE,BAMPE}]
                      [-g GSIZE] [--keep-dup KEEPDUPLICATES]
                      [--buffer-size BUFFER_SIZE] [--outdir OUTDIR] [-n NAME]
                      [-B] [--verbose VERBOSE] [--trackline] [--SPMR]
                      [-s TSIZE] [--bw BW] [-m MFOLD MFOLD] [--fix-bimodal]
                      [--nomodel] [--shift SHIFT] [--extsize EXTSIZE]
                      [-q QVALUE | -p PVALUE] [--to-large] [--ratio RATIO]
                      [--down-sample] [--seed SEED] [--nolambda]
                      [--slocal SMALLLOCAL] [--llocal LARGELOCAL] [--broad]
                      [--broad-cutoff BROADCUTOFF] [--cutoff-analysis]
                      [--call-summits] [--fe-cutoff FECUTOFF]
macs2 callpeak: error: argument -q/--qvalue: invalid float value: 'value'
[91mERROR[0m: [91mFailed to execute workflow macs2_call_peak
[macs2_call_peak_0] RuntimeError:
	Failed to process statement run(r"""macs2 callpeak -t ${_i...up}\n\n""")\n: Failed to execute script (ret=2). 
Please use command
    /bin/bash /media/yuwen/Elements/Tiao_Seq/processing_command/.sos/macs2_call_peak_0_0
under /media/yuwen/Elements/Tiao_Seq/processing_command to test it.
[macs2_call_peak] RuntimeError:
	1 failed step: macs2_call_peak_0[0m
INFO: Executing [32mmacs2_call_peak_0[0m: gunzip the raw sequencing file with a filename file_name
INFO: macs2_call_peak_0 input:    [32m['../unified_data_repo/20170120_second/323T_hmC_seal_cfDNA.hg19_bowtie1.bam', '../unified_data_repo/20170120_second/323T_cfDNA_input.hg19_bowtie1.bam'][0m
usage: macs2 callpeak [-h] -t TFILE [TFILE ...] [-c [CFILE [CFILE ...]]]
                      [-f {AUTO,BAM,SAM,BED,ELAND,ELANDMULTI,ELANDEXPORT,BOWTIE,BAMPE}]
                      [-g GSIZE] [--keep-dup KEEPDUPLICATES]
                      [--buffer-size BUFFER_SIZE] [--outdir OUTDIR] [-n NAME]
                      [-B] [--verbose VERBOSE] [--trackline] [--SPMR]
                      [-s TSIZE] [--bw BW] [-m MFOLD MFOLD] [--fix-bimodal]
                      [--nomodel] [--shift SHIFT] [--extsize EXTSIZE]
                      [-q QVALUE | -p PVALUE] [--to-large] [--ratio RATIO]
                      [--down-sample] [--seed SEED] [--nolambda]
                      [--slocal SMALLLOCAL] [--llocal LARGELOCAL] [--broad]
                      [--broad-cutoff BROADCUTOFF] [--cutoff-analysis]
                      [--call-summits] [--fe-cutoff FECUTOFF]
macs2 callpeak: error: argument -q/--qvalue: invalid float value: 'value'
[91mERROR[0m: [91mFailed to execute workflow macs2_call_peak
[macs2_call_peak_0] RuntimeError:
	Failed to process statement run(r"""macs2 callpeak -t ${_i...up}\n\n""")\n: Failed to execute script (ret=2). 
Please use command
    /bin/bash /media/yuwen/Elements/Tiao_Seq/processing_command/.sos/macs2_call_peak_0_0
under /media/yuwen/Elements/Tiao_Seq/processing_command to test it.
[macs2_call_peak] RuntimeError:
	1 failed step: macs2_call_peak_0[0m
INFO: Executing [32mmacs2_call_peak_0[0m: gunzip the raw sequencing file with a filename file_name
INFO: macs2_call_peak_0 input:    [32m['../unified_data_repo/20170120_second/323A_gDNA_seal.hg19_bowtie1.bam', '../unified_data_repo/20170120_second/323A_gDNA_input.hg19_bowtie1.bam'][0m
INFO  @ Thu, 02 Mar 2017 00:30:10: 
# Command line: callpeak -t ../unified_data_repo/20170120_second/323A_gDNA_seal.hg19_bowtie1.bam -c ../unified_data_repo/20170120_second/323A_gDNA_input.hg19_bowtie1.bam -f BAM -g hs -n ../unified_data_repo/20170120_second/323A_gDNA_seal_vs_323A_gDNA_input.keep_dup_all --qvalue 0.05 --keep-dup all
# ARGUMENTS LIST:
# name = ../unified_data_repo/20170120_second/323A_gDNA_seal_vs_323A_gDNA_input.keep_dup_all
# format = BAM
# ChIP-seq file = ['../unified_data_repo/20170120_second/323A_gDNA_seal.hg19_bowtie1.bam']
# control file = ['../unified_data_repo/20170120_second/323A_gDNA_input.hg19_bowtie1.bam']
# effective genome size = 2.70e+09
# band width = 300
# model fold = [5, 50]
# qvalue cutoff = 5.00e-02
# Larger dataset will be scaled towards smaller dataset.
# Range for calculating regional lambda is: 1000 bps and 10000 bps
# Broad region calling is off
 
INFO  @ Thu, 02 Mar 2017 00:30:10: #1 read tag files... 
INFO  @ Thu, 02 Mar 2017 00:30:10: #1 read treatment tags... 
INFO  @ Thu, 02 Mar 2017 00:30:12:  1000000 
INFO  @ Thu, 02 Mar 2017 00:30:14:  2000000 
INFO  @ Thu, 02 Mar 2017 00:30:16:  3000000 
INFO  @ Thu, 02 Mar 2017 00:30:18:  4000000 
INFO  @ Thu, 02 Mar 2017 00:30:20:  5000000 
INFO  @ Thu, 02 Mar 2017 00:30:22:  6000000 
INFO  @ Thu, 02 Mar 2017 00:30:24:  7000000 
INFO  @ Thu, 02 Mar 2017 00:30:26:  8000000 
INFO  @ Thu, 02 Mar 2017 00:30:28:  9000000 
INFO  @ Thu, 02 Mar 2017 00:30:30:  10000000 
INFO  @ Thu, 02 Mar 2017 00:30:32:  11000000 
INFO  @ Thu, 02 Mar 2017 00:30:34:  12000000 
INFO  @ Thu, 02 Mar 2017 00:30:36:  13000000 
INFO  @ Thu, 02 Mar 2017 00:30:38:  14000000 
INFO  @ Thu, 02 Mar 2017 00:30:40:  15000000 
INFO  @ Thu, 02 Mar 2017 00:30:42:  16000000 
INFO  @ Thu, 02 Mar 2017 00:30:44:  17000000 
INFO  @ Thu, 02 Mar 2017 00:30:46:  18000000 
INFO  @ Thu, 02 Mar 2017 00:30:48:  19000000 
INFO  @ Thu, 02 Mar 2017 00:30:50:  20000000 
INFO  @ Thu, 02 Mar 2017 00:30:52:  21000000 
INFO  @ Thu, 02 Mar 2017 00:30:54:  22000000 
INFO  @ Thu, 02 Mar 2017 00:30:56:  23000000 
INFO  @ Thu, 02 Mar 2017 00:30:58:  24000000 
INFO  @ Thu, 02 Mar 2017 00:31:00:  25000000 
INFO  @ Thu, 02 Mar 2017 00:31:02:  26000000 
INFO  @ Thu, 02 Mar 2017 00:31:04:  27000000 
INFO  @ Thu, 02 Mar 2017 00:31:06:  28000000 
INFO  @ Thu, 02 Mar 2017 00:31:08:  29000000 
INFO  @ Thu, 02 Mar 2017 00:31:10:  30000000 
INFO  @ Thu, 02 Mar 2017 00:31:12:  31000000 
INFO  @ Thu, 02 Mar 2017 00:31:14:  32000000 
INFO  @ Thu, 02 Mar 2017 00:31:16:  33000000 
INFO  @ Thu, 02 Mar 2017 00:31:18:  34000000 
INFO  @ Thu, 02 Mar 2017 00:31:20:  35000000 
INFO  @ Thu, 02 Mar 2017 00:31:22:  36000000 
INFO  @ Thu, 02 Mar 2017 00:31:24:  37000000 
INFO  @ Thu, 02 Mar 2017 00:31:26:  38000000 
INFO  @ Thu, 02 Mar 2017 00:31:28:  39000000 
INFO  @ Thu, 02 Mar 2017 00:31:30:  40000000 
INFO  @ Thu, 02 Mar 2017 00:31:32:  41000000 
INFO  @ Thu, 02 Mar 2017 00:31:34:  42000000 
INFO  @ Thu, 02 Mar 2017 00:31:36:  43000000 
INFO  @ Thu, 02 Mar 2017 00:31:38:  44000000 
INFO  @ Thu, 02 Mar 2017 00:31:40:  45000000 
INFO  @ Thu, 02 Mar 2017 00:31:42:  46000000 
INFO  @ Thu, 02 Mar 2017 00:31:44:  47000000 
INFO  @ Thu, 02 Mar 2017 00:31:46:  48000000 
INFO  @ Thu, 02 Mar 2017 00:31:48:  49000000 
INFO  @ Thu, 02 Mar 2017 00:31:50:  50000000 
INFO  @ Thu, 02 Mar 2017 00:31:53: #1.2 read input tags... 
INFO  @ Thu, 02 Mar 2017 00:31:55:  1000000 
INFO  @ Thu, 02 Mar 2017 00:31:57:  2000000 
INFO  @ Thu, 02 Mar 2017 00:31:59:  3000000 
INFO  @ Thu, 02 Mar 2017 00:32:01:  4000000 
INFO  @ Thu, 02 Mar 2017 00:32:02:  5000000 
INFO  @ Thu, 02 Mar 2017 00:32:04:  6000000 
INFO  @ Thu, 02 Mar 2017 00:32:06:  7000000 
INFO  @ Thu, 02 Mar 2017 00:32:08:  8000000 
INFO  @ Thu, 02 Mar 2017 00:32:10:  9000000 
INFO  @ Thu, 02 Mar 2017 00:32:12:  10000000 
INFO  @ Thu, 02 Mar 2017 00:32:14:  11000000 
INFO  @ Thu, 02 Mar 2017 00:32:16:  12000000 
INFO  @ Thu, 02 Mar 2017 00:32:18:  13000000 
INFO  @ Thu, 02 Mar 2017 00:32:19:  14000000 
INFO  @ Thu, 02 Mar 2017 00:32:21:  15000000 
INFO  @ Thu, 02 Mar 2017 00:32:23:  16000000 
INFO  @ Thu, 02 Mar 2017 00:32:25:  17000000 
INFO  @ Thu, 02 Mar 2017 00:32:27:  18000000 
INFO  @ Thu, 02 Mar 2017 00:32:29:  19000000 
INFO  @ Thu, 02 Mar 2017 00:32:31:  20000000 
INFO  @ Thu, 02 Mar 2017 00:32:33:  21000000 
INFO  @ Thu, 02 Mar 2017 00:32:35:  22000000 
INFO  @ Thu, 02 Mar 2017 00:32:37:  23000000 
INFO  @ Thu, 02 Mar 2017 00:32:39:  24000000 
INFO  @ Thu, 02 Mar 2017 00:32:41:  25000000 
INFO  @ Thu, 02 Mar 2017 00:32:43:  26000000 
INFO  @ Thu, 02 Mar 2017 00:32:45:  27000000 
INFO  @ Thu, 02 Mar 2017 00:32:47:  28000000 
INFO  @ Thu, 02 Mar 2017 00:32:49:  29000000 
INFO  @ Thu, 02 Mar 2017 00:32:51:  30000000 
INFO  @ Thu, 02 Mar 2017 00:32:53:  31000000 
INFO  @ Thu, 02 Mar 2017 00:32:55:  32000000 
INFO  @ Thu, 02 Mar 2017 00:32:57:  33000000 
INFO  @ Thu, 02 Mar 2017 00:32:59:  34000000 
INFO  @ Thu, 02 Mar 2017 00:33:01:  35000000 
INFO  @ Thu, 02 Mar 2017 00:33:03:  36000000 
INFO  @ Thu, 02 Mar 2017 00:33:05:  37000000 
INFO  @ Thu, 02 Mar 2017 00:33:07:  38000000 
INFO  @ Thu, 02 Mar 2017 00:33:09:  39000000 
INFO  @ Thu, 02 Mar 2017 00:33:11:  40000000 
INFO  @ Thu, 02 Mar 2017 00:33:13:  41000000 
INFO  @ Thu, 02 Mar 2017 00:33:14: #1 tag size is determined as 50 bps 
INFO  @ Thu, 02 Mar 2017 00:33:14: #1 tag size = 50 
INFO  @ Thu, 02 Mar 2017 00:33:14: #1  total tags in treatment: 37214523 
INFO  @ Thu, 02 Mar 2017 00:33:14: #1  total tags in control: 27193961 
INFO  @ Thu, 02 Mar 2017 00:33:14: #1 finished! 
INFO  @ Thu, 02 Mar 2017 00:33:14: #2 Build Peak Model... 
INFO  @ Thu, 02 Mar 2017 00:33:14: #2 looking for paired plus/minus strand peaks... 
INFO  @ Thu, 02 Mar 2017 00:33:17: #2 number of paired peaks: 33535 
INFO  @ Thu, 02 Mar 2017 00:33:17: start model_add_line... 
INFO  @ Thu, 02 Mar 2017 00:33:18: start X-correlation... 
INFO  @ Thu, 02 Mar 2017 00:33:18: end of X-cor 
INFO  @ Thu, 02 Mar 2017 00:33:18: #2 finished! 
INFO  @ Thu, 02 Mar 2017 00:33:18: #2 predicted fragment length is 111 bps 
INFO  @ Thu, 02 Mar 2017 00:33:18: #2 alternative fragment length(s) may be 111 bps 
INFO  @ Thu, 02 Mar 2017 00:33:18: #2.2 Generate R script for model : ../unified_data_repo/20170120_second/323A_gDNA_seal_vs_323A_gDNA_input.keep_dup_all_model.r 
INFO  @ Thu, 02 Mar 2017 00:33:18: #3 Call peaks... 
INFO  @ Thu, 02 Mar 2017 00:33:18: #3 Pre-compute pvalue-qvalue table... 
INFO  @ Thu, 02 Mar 2017 00:34:45: #3 Call peaks for each chromosome... 
INFO  @ Thu, 02 Mar 2017 00:35:33: #4 Write output xls file... ../unified_data_repo/20170120_second/323A_gDNA_seal_vs_323A_gDNA_input.keep_dup_all_peaks.xls 
INFO  @ Thu, 02 Mar 2017 00:35:34: #4 Write peak in narrowPeak format file... ../unified_data_repo/20170120_second/323A_gDNA_seal_vs_323A_gDNA_input.keep_dup_all_peaks.narrowPeak 
INFO  @ Thu, 02 Mar 2017 00:35:35: #4 Write summits bed file... ../unified_data_repo/20170120_second/323A_gDNA_seal_vs_323A_gDNA_input.keep_dup_all_summits.bed 
INFO  @ Thu, 02 Mar 2017 00:35:36: Done! 
Exception in thread Thread-1:
Traceback (most recent call last):
  File "/media/yuwen/F/tools/miniconda3/lib/python3.5/threading.py", line 914, in _bootstrap_inner
    self.run()
  File "/media/yuwen/F/tools/miniconda3/lib/python3.5/site-packages/sos-0.8.4.1-py3.5.egg/sos/utils.py", line 1011, in run
    with self.term.location(0, self.term.height - self.get_index() - 1):
TypeError: unsupported operand type(s) for -: 'NoneType' and 'int'

INFO: macs2_call_peak_0 output:   [32m['../unified_data_repo/20170120_second/323A_gDNA_seal_vs_323A_gDNA_input.keep_dup_all_peaks.narrowPeak'][0m
INFO: Workflow macs2_call_peak (ID=8889944d01205629) is executed successfully.
INFO: Executing [32mmacs2_call_peak_0[0m: gunzip the raw sequencing file with a filename file_name
INFO: macs2_call_peak_0 input:    [32m['../unified_data_repo/20170120_second/323T_gDNA_seal.hg19_bowtie1.bam', '../unified_data_repo/20170120_second/323T_gDNA_input.hg19_bowtie1.bam'][0m
INFO  @ Thu, 02 Mar 2017 00:35:38: 
# Command line: callpeak -t ../unified_data_repo/20170120_second/323T_gDNA_seal.hg19_bowtie1.bam -c ../unified_data_repo/20170120_second/323T_gDNA_input.hg19_bowtie1.bam -f BAM -g hs -n ../unified_data_repo/20170120_second/323T_gDNA_seal_vs_323T_gDNA_input.keep_dup_all --qvalue 0.05 --keep-dup all
# ARGUMENTS LIST:
# name = ../unified_data_repo/20170120_second/323T_gDNA_seal_vs_323T_gDNA_input.keep_dup_all
# format = BAM
# ChIP-seq file = ['../unified_data_repo/20170120_second/323T_gDNA_seal.hg19_bowtie1.bam']
# control file = ['../unified_data_repo/20170120_second/323T_gDNA_input.hg19_bowtie1.bam']
# effective genome size = 2.70e+09
# band width = 300
# model fold = [5, 50]
# qvalue cutoff = 5.00e-02
# Larger dataset will be scaled towards smaller dataset.
# Range for calculating regional lambda is: 1000 bps and 10000 bps
# Broad region calling is off
 
INFO  @ Thu, 02 Mar 2017 00:35:38: #1 read tag files... 
INFO  @ Thu, 02 Mar 2017 00:35:38: #1 read treatment tags... 
INFO  @ Thu, 02 Mar 2017 00:35:40:  1000000 
INFO  @ Thu, 02 Mar 2017 00:35:44:  2000000 
INFO  @ Thu, 02 Mar 2017 00:35:47:  3000000 
INFO  @ Thu, 02 Mar 2017 00:35:49:  4000000 
INFO  @ Thu, 02 Mar 2017 00:35:51:  5000000 
INFO  @ Thu, 02 Mar 2017 00:35:53:  6000000 
INFO  @ Thu, 02 Mar 2017 00:35:55:  7000000 
INFO  @ Thu, 02 Mar 2017 00:35:57:  8000000 
INFO  @ Thu, 02 Mar 2017 00:35:59:  9000000 
INFO  @ Thu, 02 Mar 2017 00:36:01:  10000000 
INFO  @ Thu, 02 Mar 2017 00:36:03:  11000000 
INFO  @ Thu, 02 Mar 2017 00:36:05:  12000000 
INFO  @ Thu, 02 Mar 2017 00:36:07:  13000000 
INFO  @ Thu, 02 Mar 2017 00:36:10:  14000000 
INFO  @ Thu, 02 Mar 2017 00:36:12:  15000000 
INFO  @ Thu, 02 Mar 2017 00:36:14:  16000000 
INFO  @ Thu, 02 Mar 2017 00:36:16:  17000000 
INFO  @ Thu, 02 Mar 2017 00:36:18:  18000000 
INFO  @ Thu, 02 Mar 2017 00:36:20:  19000000 
INFO  @ Thu, 02 Mar 2017 00:36:22:  20000000 
INFO  @ Thu, 02 Mar 2017 00:36:24:  21000000 
INFO  @ Thu, 02 Mar 2017 00:36:26:  22000000 
INFO  @ Thu, 02 Mar 2017 00:36:28:  23000000 
INFO  @ Thu, 02 Mar 2017 00:36:30:  24000000 
INFO  @ Thu, 02 Mar 2017 00:36:32:  25000000 
INFO  @ Thu, 02 Mar 2017 00:36:34:  26000000 
INFO  @ Thu, 02 Mar 2017 00:36:36:  27000000 
INFO  @ Thu, 02 Mar 2017 00:36:38:  28000000 
INFO  @ Thu, 02 Mar 2017 00:36:40:  29000000 
INFO  @ Thu, 02 Mar 2017 00:36:42:  30000000 
INFO  @ Thu, 02 Mar 2017 00:36:45:  31000000 
INFO  @ Thu, 02 Mar 2017 00:36:47:  32000000 
INFO  @ Thu, 02 Mar 2017 00:36:49:  33000000 
INFO  @ Thu, 02 Mar 2017 00:36:51:  34000000 
INFO  @ Thu, 02 Mar 2017 00:36:53:  35000000 
INFO  @ Thu, 02 Mar 2017 00:36:55:  36000000 
INFO  @ Thu, 02 Mar 2017 00:36:57:  37000000 
INFO  @ Thu, 02 Mar 2017 00:36:59:  38000000 
INFO  @ Thu, 02 Mar 2017 00:37:01:  39000000 
INFO  @ Thu, 02 Mar 2017 00:37:03:  40000000 
INFO  @ Thu, 02 Mar 2017 00:37:05:  41000000 
INFO  @ Thu, 02 Mar 2017 00:37:07:  42000000 
INFO  @ Thu, 02 Mar 2017 00:37:09:  43000000 
INFO  @ Thu, 02 Mar 2017 00:37:11:  44000000 
INFO  @ Thu, 02 Mar 2017 00:37:14:  45000000 
INFO  @ Thu, 02 Mar 2017 00:37:16:  46000000 
INFO  @ Thu, 02 Mar 2017 00:37:18:  47000000 
INFO  @ Thu, 02 Mar 2017 00:37:20: #1.2 read input tags... 
INFO  @ Thu, 02 Mar 2017 00:37:22:  1000000 
INFO  @ Thu, 02 Mar 2017 00:37:24:  2000000 
INFO  @ Thu, 02 Mar 2017 00:37:26:  3000000 
INFO  @ Thu, 02 Mar 2017 00:37:28:  4000000 
INFO  @ Thu, 02 Mar 2017 00:37:30:  5000000 
INFO  @ Thu, 02 Mar 2017 00:37:32:  6000000 
INFO  @ Thu, 02 Mar 2017 00:37:34:  7000000 
INFO  @ Thu, 02 Mar 2017 00:37:36:  8000000 
INFO  @ Thu, 02 Mar 2017 00:37:38:  9000000 
INFO  @ Thu, 02 Mar 2017 00:37:40:  10000000 
INFO  @ Thu, 02 Mar 2017 00:37:42:  11000000 
INFO  @ Thu, 02 Mar 2017 00:37:44:  12000000 
INFO  @ Thu, 02 Mar 2017 00:37:46:  13000000 
INFO  @ Thu, 02 Mar 2017 00:37:48:  14000000 
INFO  @ Thu, 02 Mar 2017 00:37:50:  15000000 
INFO  @ Thu, 02 Mar 2017 00:37:52:  16000000 
INFO  @ Thu, 02 Mar 2017 00:37:54:  17000000 
INFO  @ Thu, 02 Mar 2017 00:37:56:  18000000 
INFO  @ Thu, 02 Mar 2017 00:37:58:  19000000 
INFO  @ Thu, 02 Mar 2017 00:38:00:  20000000 
INFO  @ Thu, 02 Mar 2017 00:38:02:  21000000 
INFO  @ Thu, 02 Mar 2017 00:38:04:  22000000 
INFO  @ Thu, 02 Mar 2017 00:38:06:  23000000 
INFO  @ Thu, 02 Mar 2017 00:38:08:  24000000 
INFO  @ Thu, 02 Mar 2017 00:38:10:  25000000 
INFO  @ Thu, 02 Mar 2017 00:38:11:  26000000 
INFO  @ Thu, 02 Mar 2017 00:38:13:  27000000 
INFO  @ Thu, 02 Mar 2017 00:38:15:  28000000 
INFO  @ Thu, 02 Mar 2017 00:38:17:  29000000 
INFO  @ Thu, 02 Mar 2017 00:38:19:  30000000 
INFO  @ Thu, 02 Mar 2017 00:38:21:  31000000 
INFO  @ Thu, 02 Mar 2017 00:38:23:  32000000 
INFO  @ Thu, 02 Mar 2017 00:38:25:  33000000 
INFO  @ Thu, 02 Mar 2017 00:38:27:  34000000 
INFO  @ Thu, 02 Mar 2017 00:38:29:  35000000 
INFO  @ Thu, 02 Mar 2017 00:38:31:  36000000 
INFO  @ Thu, 02 Mar 2017 00:38:33:  37000000 
INFO  @ Thu, 02 Mar 2017 00:38:35:  38000000 
INFO  @ Thu, 02 Mar 2017 00:38:37:  39000000 
INFO  @ Thu, 02 Mar 2017 00:38:39:  40000000 
INFO  @ Thu, 02 Mar 2017 00:38:41:  41000000 
INFO  @ Thu, 02 Mar 2017 00:38:43:  42000000 
INFO  @ Thu, 02 Mar 2017 00:38:44:  43000000 
INFO  @ Thu, 02 Mar 2017 00:38:46:  44000000 
INFO  @ Thu, 02 Mar 2017 00:38:50: #1 tag size is determined as 50 bps 
INFO  @ Thu, 02 Mar 2017 00:38:50: #1 tag size = 50 
INFO  @ Thu, 02 Mar 2017 00:38:50: #1  total tags in treatment: 35287444 
INFO  @ Thu, 02 Mar 2017 00:38:50: #1  total tags in control: 29169857 
INFO  @ Thu, 02 Mar 2017 00:38:50: #1 finished! 
INFO  @ Thu, 02 Mar 2017 00:38:50: #2 Build Peak Model... 
INFO  @ Thu, 02 Mar 2017 00:38:50: #2 looking for paired plus/minus strand peaks... 
INFO  @ Thu, 02 Mar 2017 00:38:55: #2 number of paired peaks: 75470 
INFO  @ Thu, 02 Mar 2017 00:38:55: start model_add_line... 
INFO  @ Thu, 02 Mar 2017 00:38:55: start X-correlation... 
INFO  @ Thu, 02 Mar 2017 00:38:55: end of X-cor 
INFO  @ Thu, 02 Mar 2017 00:38:55: #2 finished! 
INFO  @ Thu, 02 Mar 2017 00:38:55: #2 predicted fragment length is 162 bps 
INFO  @ Thu, 02 Mar 2017 00:38:55: #2 alternative fragment length(s) may be 162 bps 
INFO  @ Thu, 02 Mar 2017 00:38:55: #2.2 Generate R script for model : ../unified_data_repo/20170120_second/323T_gDNA_seal_vs_323T_gDNA_input.keep_dup_all_model.r 
INFO  @ Thu, 02 Mar 2017 00:38:55: #3 Call peaks... 
INFO  @ Thu, 02 Mar 2017 00:38:55: #3 Pre-compute pvalue-qvalue table... 
INFO  @ Thu, 02 Mar 2017 00:40:31: #3 Call peaks for each chromosome... 
INFO  @ Thu, 02 Mar 2017 00:41:40: #4 Write output xls file... ../unified_data_repo/20170120_second/323T_gDNA_seal_vs_323T_gDNA_input.keep_dup_all_peaks.xls 
INFO  @ Thu, 02 Mar 2017 00:41:46: #4 Write peak in narrowPeak format file... ../unified_data_repo/20170120_second/323T_gDNA_seal_vs_323T_gDNA_input.keep_dup_all_peaks.narrowPeak 
INFO  @ Thu, 02 Mar 2017 00:41:50: #4 Write summits bed file... ../unified_data_repo/20170120_second/323T_gDNA_seal_vs_323T_gDNA_input.keep_dup_all_summits.bed 
INFO  @ Thu, 02 Mar 2017 00:41:52: Done! 
Exception in thread Thread-1:
Traceback (most recent call last):
  File "/media/yuwen/F/tools/miniconda3/lib/python3.5/threading.py", line 914, in _bootstrap_inner
    self.run()
  File "/media/yuwen/F/tools/miniconda3/lib/python3.5/site-packages/sos-0.8.4.1-py3.5.egg/sos/utils.py", line 1011, in run
    with self.term.location(0, self.term.height - self.get_index() - 1):
TypeError: unsupported operand type(s) for -: 'NoneType' and 'int'

INFO: macs2_call_peak_0 output:   [32m['../unified_data_repo/20170120_second/323T_gDNA_seal_vs_323T_gDNA_input.keep_dup_all_peaks.narrowPeak'][0m
INFO: Workflow macs2_call_peak (ID=f9fed0df831c6cae) is executed successfully.
INFO: Executing [32mmacs2_call_peak_0[0m: gunzip the raw sequencing file with a filename file_name
INFO: macs2_call_peak_0 input:    [32m['../unified_data_repo/20170120_second/323T_hmC_seal_cfDNA.hg19_bowtie1.bam', '../unified_data_repo/20170120_second/323T_cfDNA_input.hg19_bowtie1.bam'][0m
INFO  @ Thu, 02 Mar 2017 00:41:55: 
# Command line: callpeak -t ../unified_data_repo/20170120_second/323T_hmC_seal_cfDNA.hg19_bowtie1.bam -c ../unified_data_repo/20170120_second/323T_cfDNA_input.hg19_bowtie1.bam -f BAM -g hs -n ../unified_data_repo/20170120_second/323T_hmc_seal_cfDNA_vs_323T_cfDNA_input.keep_dup_all --qvalue 0.05 --keep-dup all
# ARGUMENTS LIST:
# name = ../unified_data_repo/20170120_second/323T_hmc_seal_cfDNA_vs_323T_cfDNA_input.keep_dup_all
# format = BAM
# ChIP-seq file = ['../unified_data_repo/20170120_second/323T_hmC_seal_cfDNA.hg19_bowtie1.bam']
# control file = ['../unified_data_repo/20170120_second/323T_cfDNA_input.hg19_bowtie1.bam']
# effective genome size = 2.70e+09
# band width = 300
# model fold = [5, 50]
# qvalue cutoff = 5.00e-02
# Larger dataset will be scaled towards smaller dataset.
# Range for calculating regional lambda is: 1000 bps and 10000 bps
# Broad region calling is off
 
INFO  @ Thu, 02 Mar 2017 00:41:55: #1 read tag files... 
INFO  @ Thu, 02 Mar 2017 00:41:55: #1 read treatment tags... 
INFO  @ Thu, 02 Mar 2017 00:41:58:  1000000 
INFO  @ Thu, 02 Mar 2017 00:42:00:  2000000 
INFO  @ Thu, 02 Mar 2017 00:42:09:  3000000 
INFO  @ Thu, 02 Mar 2017 00:42:17:  4000000 
INFO  @ Thu, 02 Mar 2017 00:42:19:  5000000 
INFO  @ Thu, 02 Mar 2017 00:42:21:  6000000 
INFO  @ Thu, 02 Mar 2017 00:42:23:  7000000 
INFO  @ Thu, 02 Mar 2017 00:42:25:  8000000 
INFO  @ Thu, 02 Mar 2017 00:42:27:  9000000 
INFO  @ Thu, 02 Mar 2017 00:42:29:  10000000 
INFO  @ Thu, 02 Mar 2017 00:42:31:  11000000 
INFO  @ Thu, 02 Mar 2017 00:42:33:  12000000 
INFO  @ Thu, 02 Mar 2017 00:42:35:  13000000 
INFO  @ Thu, 02 Mar 2017 00:42:37:  14000000 
INFO  @ Thu, 02 Mar 2017 00:42:39:  15000000 
INFO  @ Thu, 02 Mar 2017 00:42:42:  16000000 
INFO  @ Thu, 02 Mar 2017 00:42:44:  17000000 
INFO  @ Thu, 02 Mar 2017 00:42:46:  18000000 
INFO  @ Thu, 02 Mar 2017 00:42:48:  19000000 
INFO  @ Thu, 02 Mar 2017 00:42:50:  20000000 
INFO  @ Thu, 02 Mar 2017 00:42:52:  21000000 
INFO  @ Thu, 02 Mar 2017 00:42:55:  22000000 
INFO  @ Thu, 02 Mar 2017 00:42:57:  23000000 
INFO  @ Thu, 02 Mar 2017 00:42:59:  24000000 
INFO  @ Thu, 02 Mar 2017 00:43:01:  25000000 
INFO  @ Thu, 02 Mar 2017 00:43:03:  26000000 
INFO  @ Thu, 02 Mar 2017 00:43:05:  27000000 
INFO  @ Thu, 02 Mar 2017 00:43:07:  28000000 
INFO  @ Thu, 02 Mar 2017 00:43:10:  29000000 
INFO  @ Thu, 02 Mar 2017 00:43:12:  30000000 
INFO  @ Thu, 02 Mar 2017 00:43:14:  31000000 
INFO  @ Thu, 02 Mar 2017 00:43:16:  32000000 
INFO  @ Thu, 02 Mar 2017 00:43:19:  33000000 
INFO  @ Thu, 02 Mar 2017 00:43:21:  34000000 
INFO  @ Thu, 02 Mar 2017 00:43:23:  35000000 
INFO  @ Thu, 02 Mar 2017 00:43:25:  36000000 
INFO  @ Thu, 02 Mar 2017 00:43:27:  37000000 
INFO  @ Thu, 02 Mar 2017 00:43:29:  38000000 
INFO  @ Thu, 02 Mar 2017 00:43:31:  39000000 
INFO  @ Thu, 02 Mar 2017 00:43:33:  40000000 
INFO  @ Thu, 02 Mar 2017 00:43:35:  41000000 
INFO  @ Thu, 02 Mar 2017 00:43:37:  42000000 
INFO  @ Thu, 02 Mar 2017 00:43:39:  43000000 
INFO  @ Thu, 02 Mar 2017 00:43:41:  44000000 
INFO  @ Thu, 02 Mar 2017 00:43:43:  45000000 
INFO  @ Thu, 02 Mar 2017 00:43:45:  46000000 
INFO  @ Thu, 02 Mar 2017 00:43:47:  47000000 
INFO  @ Thu, 02 Mar 2017 00:43:49:  48000000 
INFO  @ Thu, 02 Mar 2017 00:43:52: #1.2 read input tags... 
INFO  @ Thu, 02 Mar 2017 00:43:54:  1000000 
INFO: Executing [32mmacs2_call_peak_0[0m: gunzip the raw sequencing file with a filename file_name
INFO: macs2_call_peak_0 input:    [32m['../unified_data_repo/20170120_second/323A_gDNA_seal.hg19_bowtie1.bam', '../unified_data_repo/20170120_second/323A_gDNA_input.hg19_bowtie1.bam'][0m
INFO  @ Thu, 02 Mar 2017 00:43:54: 
# Command line: callpeak -t ../unified_data_repo/20170120_second/323A_gDNA_seal.hg19_bowtie1.bam -c ../unified_data_repo/20170120_second/323A_gDNA_input.hg19_bowtie1.bam -f BAM -g hs -n ../unified_data_repo/20170120_second/323A_gDNA_seal_vs_323A_gDNA_input.keep_dup_1 --qvalue 0.05 --keep-dup 1
# ARGUMENTS LIST:
# name = ../unified_data_repo/20170120_second/323A_gDNA_seal_vs_323A_gDNA_input.keep_dup_1
# format = BAM
# ChIP-seq file = ['../unified_data_repo/20170120_second/323A_gDNA_seal.hg19_bowtie1.bam']
# control file = ['../unified_data_repo/20170120_second/323A_gDNA_input.hg19_bowtie1.bam']
# effective genome size = 2.70e+09
# band width = 300
# model fold = [5, 50]
# qvalue cutoff = 5.00e-02
# Larger dataset will be scaled towards smaller dataset.
# Range for calculating regional lambda is: 1000 bps and 10000 bps
# Broad region calling is off
 
INFO  @ Thu, 02 Mar 2017 00:43:54: #1 read tag files... 
INFO  @ Thu, 02 Mar 2017 00:43:54: #1 read treatment tags... 
INFO  @ Thu, 02 Mar 2017 00:43:58:  2000000 
INFO  @ Thu, 02 Mar 2017 00:43:58:  1000000 
INFO  @ Thu, 02 Mar 2017 00:44:01:  3000000 
INFO  @ Thu, 02 Mar 2017 00:44:01:  2000000 
INFO  @ Thu, 02 Mar 2017 00:44:04:  4000000 
INFO  @ Thu, 02 Mar 2017 00:44:05:  3000000 
INFO  @ Thu, 02 Mar 2017 00:44:08:  5000000 
INFO  @ Thu, 02 Mar 2017 00:44:08:  4000000 
INFO  @ Thu, 02 Mar 2017 00:44:11:  5000000 
INFO  @ Thu, 02 Mar 2017 00:44:11:  6000000 
INFO  @ Thu, 02 Mar 2017 00:44:14:  6000000 
INFO  @ Thu, 02 Mar 2017 00:44:14:  7000000 
INFO  @ Thu, 02 Mar 2017 00:44:18:  7000000 
INFO  @ Thu, 02 Mar 2017 00:44:18:  8000000 
INFO  @ Thu, 02 Mar 2017 00:44:21:  8000000 
INFO  @ Thu, 02 Mar 2017 00:44:21:  9000000 
INFO  @ Thu, 02 Mar 2017 00:44:24:  9000000 
INFO  @ Thu, 02 Mar 2017 00:44:25:  10000000 
INFO  @ Thu, 02 Mar 2017 00:44:28:  10000000 
INFO  @ Thu, 02 Mar 2017 00:44:28:  11000000 
INFO  @ Thu, 02 Mar 2017 00:44:31:  11000000 
INFO  @ Thu, 02 Mar 2017 00:44:31:  12000000 
INFO  @ Thu, 02 Mar 2017 00:44:34:  12000000 
INFO  @ Thu, 02 Mar 2017 00:44:34:  13000000 
INFO  @ Thu, 02 Mar 2017 00:44:37:  13000000 
INFO  @ Thu, 02 Mar 2017 00:44:38:  14000000 
INFO  @ Thu, 02 Mar 2017 00:44:41:  14000000 
INFO  @ Thu, 02 Mar 2017 00:44:41:  15000000 
INFO  @ Thu, 02 Mar 2017 00:44:44:  15000000 
INFO  @ Thu, 02 Mar 2017 00:44:45:  16000000 
INFO  @ Thu, 02 Mar 2017 00:44:47:  16000000 
INFO  @ Thu, 02 Mar 2017 00:44:48:  17000000 
INFO  @ Thu, 02 Mar 2017 00:44:51:  17000000 
INFO  @ Thu, 02 Mar 2017 00:44:52:  18000000 
INFO  @ Thu, 02 Mar 2017 00:44:54:  18000000 
INFO  @ Thu, 02 Mar 2017 00:44:55:  19000000 
INFO  @ Thu, 02 Mar 2017 00:44:58:  19000000 
INFO  @ Thu, 02 Mar 2017 00:44:59:  20000000 
INFO  @ Thu, 02 Mar 2017 00:45:01:  20000000 
INFO  @ Thu, 02 Mar 2017 00:45:03:  21000000 
INFO  @ Thu, 02 Mar 2017 00:45:05:  21000000 
INFO  @ Thu, 02 Mar 2017 00:45:06:  22000000 
INFO  @ Thu, 02 Mar 2017 00:45:08:  22000000 
INFO  @ Thu, 02 Mar 2017 00:45:10:  23000000 
INFO  @ Thu, 02 Mar 2017 00:45:12:  23000000 
INFO  @ Thu, 02 Mar 2017 00:45:13:  24000000 
INFO  @ Thu, 02 Mar 2017 00:45:15:  24000000 
INFO  @ Thu, 02 Mar 2017 00:45:17:  25000000 
INFO  @ Thu, 02 Mar 2017 00:45:19:  25000000 
INFO  @ Thu, 02 Mar 2017 00:45:20:  26000000 
INFO  @ Thu, 02 Mar 2017 00:45:22:  26000000 
INFO  @ Thu, 02 Mar 2017 00:45:24:  27000000 
INFO  @ Thu, 02 Mar 2017 00:45:26:  27000000 
INFO  @ Thu, 02 Mar 2017 00:45:27:  28000000 
INFO  @ Thu, 02 Mar 2017 00:45:29:  28000000 
INFO  @ Thu, 02 Mar 2017 00:45:30:  29000000 
INFO  @ Thu, 02 Mar 2017 00:45:32:  29000000 
INFO  @ Thu, 02 Mar 2017 00:45:34:  30000000 
INFO  @ Thu, 02 Mar 2017 00:45:35:  30000000 
INFO  @ Thu, 02 Mar 2017 00:45:37:  31000000 
INFO  @ Thu, 02 Mar 2017 00:45:39:  31000000 
INFO  @ Thu, 02 Mar 2017 00:45:40:  32000000 
INFO  @ Thu, 02 Mar 2017 00:45:43:  32000000 
INFO  @ Thu, 02 Mar 2017 00:45:44:  33000000 
INFO  @ Thu, 02 Mar 2017 00:45:46:  34000000 
INFO  @ Thu, 02 Mar 2017 00:45:47:  33000000 
INFO  @ Thu, 02 Mar 2017 00:45:50:  35000000 
INFO  @ Thu, 02 Mar 2017 00:45:50:  34000000 
INFO  @ Thu, 02 Mar 2017 00:45:53:  36000000 
INFO  @ Thu, 02 Mar 2017 00:45:53:  35000000 
INFO  @ Thu, 02 Mar 2017 00:45:56:  37000000 
INFO  @ Thu, 02 Mar 2017 00:45:57:  36000000 
INFO  @ Thu, 02 Mar 2017 00:46:00:  37000000 
INFO  @ Thu, 02 Mar 2017 00:46:00:  38000000 
INFO  @ Thu, 02 Mar 2017 00:46:03:  38000000 
INFO  @ Thu, 02 Mar 2017 00:46:06:  39000000 
INFO  @ Thu, 02 Mar 2017 00:46:06:  39000000 
INFO  @ Thu, 02 Mar 2017 00:46:09:  40000000 
INFO  @ Thu, 02 Mar 2017 00:46:11:  40000000 
INFO  @ Thu, 02 Mar 2017 00:46:12:  41000000 
INFO  @ Thu, 02 Mar 2017 00:46:15:  42000000 
INFO  @ Thu, 02 Mar 2017 00:46:16:  41000000 
INFO  @ Thu, 02 Mar 2017 00:46:18:  43000000 
INFO  @ Thu, 02 Mar 2017 00:46:21:  44000000 
INFO  @ Thu, 02 Mar 2017 00:46:22:  42000000 
INFO  @ Thu, 02 Mar 2017 00:46:24:  45000000 
INFO  @ Thu, 02 Mar 2017 00:46:27:  43000000 
INFO  @ Thu, 02 Mar 2017 00:46:27:  46000000 
INFO  @ Thu, 02 Mar 2017 00:46:30:  44000000 
INFO  @ Thu, 02 Mar 2017 00:46:31:  47000000 
INFO  @ Thu, 02 Mar 2017 00:46:34:  45000000 
INFO  @ Thu, 02 Mar 2017 00:46:34:  48000000 
INFO  @ Thu, 02 Mar 2017 00:46:37:  46000000 
INFO  @ Thu, 02 Mar 2017 00:46:38:  49000000 
INFO  @ Thu, 02 Mar 2017 00:46:41:  47000000 
INFO  @ Thu, 02 Mar 2017 00:46:41:  50000000 
INFO  @ Thu, 02 Mar 2017 00:46:43:  48000000 
INFO  @ Thu, 02 Mar 2017 00:46:44: #1.2 read input tags... 
INFO  @ Thu, 02 Mar 2017 00:46:45:  49000000 
INFO  @ Thu, 02 Mar 2017 00:46:47:  1000000 
INFO  @ Thu, 02 Mar 2017 00:46:48:  50000000 
INFO  @ Thu, 02 Mar 2017 00:46:50:  2000000 
INFO  @ Thu, 02 Mar 2017 00:46:52:  51000000 
INFO  @ Thu, 02 Mar 2017 00:46:53:  3000000 
INFO  @ Thu, 02 Mar 2017 00:46:55:  52000000 
INFO  @ Thu, 02 Mar 2017 00:46:57:  4000000 
INFO  @ Thu, 02 Mar 2017 00:46:58:  53000000 
INFO  @ Thu, 02 Mar 2017 00:47:00:  5000000 
INFO  @ Thu, 02 Mar 2017 00:47:01:  54000000 
INFO  @ Thu, 02 Mar 2017 00:47:03:  6000000 
INFO  @ Thu, 02 Mar 2017 00:47:05:  55000000 
INFO  @ Thu, 02 Mar 2017 00:47:06:  7000000 
INFO  @ Thu, 02 Mar 2017 00:47:08:  56000000 
INFO  @ Thu, 02 Mar 2017 00:47:09:  8000000 
INFO  @ Thu, 02 Mar 2017 00:47:11:  57000000 
INFO  @ Thu, 02 Mar 2017 00:47:13:  9000000 
INFO  @ Thu, 02 Mar 2017 00:47:14:  58000000 
INFO  @ Thu, 02 Mar 2017 00:47:16:  10000000 
INFO  @ Thu, 02 Mar 2017 00:47:17:  59000000 
INFO  @ Thu, 02 Mar 2017 00:47:18:  11000000 
INFO  @ Thu, 02 Mar 2017 00:47:20:  60000000 
INFO  @ Thu, 02 Mar 2017 00:47:21:  12000000 
INFO  @ Thu, 02 Mar 2017 00:47:23:  61000000 
INFO  @ Thu, 02 Mar 2017 00:47:25:  13000000 
INFO  @ Thu, 02 Mar 2017 00:47:27:  14000000 
INFO  @ Thu, 02 Mar 2017 00:47:28: #1 tag size is determined as 50 bps 
INFO  @ Thu, 02 Mar 2017 00:47:28: #1 tag size = 50 
INFO  @ Thu, 02 Mar 2017 00:47:28: #1  total tags in treatment: 39573092 
INFO  @ Thu, 02 Mar 2017 00:47:28: #1  total tags in control: 46776326 
INFO  @ Thu, 02 Mar 2017 00:47:28: #1 finished! 
INFO  @ Thu, 02 Mar 2017 00:47:28: #2 Build Peak Model... 
INFO  @ Thu, 02 Mar 2017 00:47:28: #2 looking for paired plus/minus strand peaks... 
INFO  @ Thu, 02 Mar 2017 00:47:30:  15000000 
INFO  @ Thu, 02 Mar 2017 00:47:32:  16000000 
INFO  @ Thu, 02 Mar 2017 00:47:33: #2 number of paired peaks: 123856 
INFO  @ Thu, 02 Mar 2017 00:47:33: start model_add_line... 
INFO  @ Thu, 02 Mar 2017 00:47:33: start X-correlation... 
INFO  @ Thu, 02 Mar 2017 00:47:33: end of X-cor 
INFO  @ Thu, 02 Mar 2017 00:47:33: #2 finished! 
INFO  @ Thu, 02 Mar 2017 00:47:33: #2 predicted fragment length is 168 bps 
INFO  @ Thu, 02 Mar 2017 00:47:33: #2 alternative fragment length(s) may be 168 bps 
INFO  @ Thu, 02 Mar 2017 00:47:33: #2.2 Generate R script for model : ../unified_data_repo/20170120_second/323T_hmc_seal_cfDNA_vs_323T_cfDNA_input.keep_dup_all_model.r 
INFO  @ Thu, 02 Mar 2017 00:47:33: #3 Call peaks... 
INFO  @ Thu, 02 Mar 2017 00:47:33: #3 Pre-compute pvalue-qvalue table... 
INFO  @ Thu, 02 Mar 2017 00:47:35:  17000000 
INFO  @ Thu, 02 Mar 2017 00:47:37:  18000000 
INFO  @ Thu, 02 Mar 2017 00:47:40:  19000000 
INFO  @ Thu, 02 Mar 2017 00:47:44:  20000000 
INFO  @ Thu, 02 Mar 2017 00:47:47:  21000000 
INFO  @ Thu, 02 Mar 2017 00:47:50:  22000000 
INFO  @ Thu, 02 Mar 2017 00:47:52:  23000000 
INFO  @ Thu, 02 Mar 2017 00:47:55:  24000000 
INFO  @ Thu, 02 Mar 2017 00:47:57:  25000000 
INFO  @ Thu, 02 Mar 2017 00:48:00:  26000000 
INFO  @ Thu, 02 Mar 2017 00:48:03:  27000000 
INFO  @ Thu, 02 Mar 2017 00:48:05:  28000000 
INFO  @ Thu, 02 Mar 2017 00:48:08:  29000000 
INFO  @ Thu, 02 Mar 2017 00:48:10:  30000000 
INFO  @ Thu, 02 Mar 2017 00:48:13:  31000000 
INFO  @ Thu, 02 Mar 2017 00:48:16:  32000000 
INFO  @ Thu, 02 Mar 2017 00:48:20:  33000000 
INFO  @ Thu, 02 Mar 2017 00:48:22:  34000000 
INFO  @ Thu, 02 Mar 2017 00:48:25:  35000000 
INFO  @ Thu, 02 Mar 2017 00:48:29:  36000000 
INFO  @ Thu, 02 Mar 2017 00:48:31:  37000000 
INFO  @ Thu, 02 Mar 2017 00:48:34:  38000000 
INFO  @ Thu, 02 Mar 2017 00:48:37:  39000000 
INFO  @ Thu, 02 Mar 2017 00:48:41:  40000000 
INFO  @ Thu, 02 Mar 2017 00:48:44:  41000000 
INFO  @ Thu, 02 Mar 2017 00:48:45: #1 tag size is determined as 50 bps 
INFO  @ Thu, 02 Mar 2017 00:48:45: #1 tag size = 50 
INFO  @ Thu, 02 Mar 2017 00:48:45: #1  total tags in treatment: 37214523 
INFO  @ Thu, 02 Mar 2017 00:48:45: #1 user defined the maximum tags... 
INFO  @ Thu, 02 Mar 2017 00:48:45: #1 filter out redundant tags at the same location and the same strand by allowing at most 1 tag(s) 
INFO  @ Thu, 02 Mar 2017 00:48:46: #1  tags after filtering in treatment: 18662777 
INFO  @ Thu, 02 Mar 2017 00:48:46: #1  Redundant rate of treatment: 0.50 
INFO  @ Thu, 02 Mar 2017 00:48:46: #1  total tags in control: 27193961 
INFO  @ Thu, 02 Mar 2017 00:48:46: #1 user defined the maximum tags... 
INFO  @ Thu, 02 Mar 2017 00:48:46: #1 filter out redundant tags at the same location and the same strand by allowing at most 1 tag(s) 
INFO  @ Thu, 02 Mar 2017 00:48:46: #1  tags after filtering in control: 25256217 
INFO  @ Thu, 02 Mar 2017 00:48:46: #1  Redundant rate of control: 0.07 
INFO  @ Thu, 02 Mar 2017 00:48:46: #1 finished! 
INFO  @ Thu, 02 Mar 2017 00:48:46: #2 Build Peak Model... 
INFO  @ Thu, 02 Mar 2017 00:48:46: #2 looking for paired plus/minus strand peaks... 
INFO  @ Thu, 02 Mar 2017 00:48:48: #2 number of paired peaks: 35761 
INFO  @ Thu, 02 Mar 2017 00:48:48: start model_add_line... 
INFO  @ Thu, 02 Mar 2017 00:48:48: start X-correlation... 
INFO  @ Thu, 02 Mar 2017 00:48:48: end of X-cor 
INFO  @ Thu, 02 Mar 2017 00:48:48: #2 finished! 
INFO  @ Thu, 02 Mar 2017 00:48:48: #2 predicted fragment length is 99 bps 
INFO  @ Thu, 02 Mar 2017 00:48:48: #2 alternative fragment length(s) may be 99 bps 
INFO  @ Thu, 02 Mar 2017 00:48:48: #2.2 Generate R script for model : ../unified_data_repo/20170120_second/323A_gDNA_seal_vs_323A_gDNA_input.keep_dup_1_model.r 
WARNING @ Thu, 02 Mar 2017 00:48:48: #2 Since the d (99) calculated from paired-peaks are smaller than 2*tag length, it may be influenced by unknown sequencing problem! 
WARNING @ Thu, 02 Mar 2017 00:48:48: #2 You may need to consider one of the other alternative d(s): 99 
WARNING @ Thu, 02 Mar 2017 00:48:48: #2 You can restart the process with --nomodel --extsize XXX with your choice or an arbitrary number. Nontheless, MACS will continute computing. 
INFO  @ Thu, 02 Mar 2017 00:48:48: #3 Call peaks... 
INFO  @ Thu, 02 Mar 2017 00:48:48: #3 Pre-compute pvalue-qvalue table... 
INFO  @ Thu, 02 Mar 2017 00:50:12: #3 Call peaks for each chromosome... 
INFO  @ Thu, 02 Mar 2017 00:50:23: #3 Call peaks for each chromosome... 
INFO  @ Thu, 02 Mar 2017 00:51:18: #4 Write output xls file... ../unified_data_repo/20170120_second/323A_gDNA_seal_vs_323A_gDNA_input.keep_dup_1_peaks.xls 
INFO  @ Thu, 02 Mar 2017 00:51:19: #4 Write peak in narrowPeak format file... ../unified_data_repo/20170120_second/323A_gDNA_seal_vs_323A_gDNA_input.keep_dup_1_peaks.narrowPeak 
INFO  @ Thu, 02 Mar 2017 00:51:19: #4 Write summits bed file... ../unified_data_repo/20170120_second/323A_gDNA_seal_vs_323A_gDNA_input.keep_dup_1_summits.bed 
INFO  @ Thu, 02 Mar 2017 00:51:20: Done! 
Exception in thread Thread-1:
Traceback (most recent call last):
  File "/media/yuwen/F/tools/miniconda3/lib/python3.5/threading.py", line 914, in _bootstrap_inner
    self.run()
  File "/media/yuwen/F/tools/miniconda3/lib/python3.5/site-packages/sos-0.8.4.1-py3.5.egg/sos/utils.py", line 1011, in run
    with self.term.location(0, self.term.height - self.get_index() - 1):
TypeError: unsupported operand type(s) for -: 'NoneType' and 'int'

INFO: macs2_call_peak_0 output:   [32m['../unified_data_repo/20170120_second/323A_gDNA_seal_vs_323A_gDNA_input.keep_dup_1_peaks.narrowPeak'][0m
INFO: Workflow macs2_call_peak (ID=80c6053eec7bbae9) is executed successfully.
Killed
Exception in thread Thread-1:
Traceback (most recent call last):
  File "/media/yuwen/F/tools/miniconda3/lib/python3.5/threading.py", line 914, in _bootstrap_inner
    self.run()
  File "/media/yuwen/F/tools/miniconda3/lib/python3.5/site-packages/sos-0.8.4.1-py3.5.egg/sos/utils.py", line 1011, in run
    with self.term.location(0, self.term.height - self.get_index() - 1):
TypeError: unsupported operand type(s) for -: 'NoneType' and 'int'

[91mERROR[0m: [91mFailed to execute workflow macs2_call_peak
[macs2_call_peak_0] RuntimeError:
	Failed to process statement run(r"""macs2 callpeak -t ${_i...up}\n\n""")\n: Failed to execute script (ret=137). 
Please use command
    /bin/bash /media/yuwen/Elements/Tiao_Seq/processing_command/.sos/macs2_call_peak_0_0
under /media/yuwen/Elements/Tiao_Seq/processing_command to test it.
[macs2_call_peak] RuntimeError:
	1 failed step: macs2_call_peak_0[0m
INFO: Executing [32mmacs2_call_peak_0[0m: gunzip the raw sequencing file with a filename file_name
INFO: macs2_call_peak_0 input:    [32m['../unified_data_repo/20170120_second/323T_gDNA_seal.hg19_bowtie1.bam', '../unified_data_repo/20170120_second/323T_gDNA_input.hg19_bowtie1.bam'][0m
INFO  @ Thu, 02 Mar 2017 00:51:21: 
# Command line: callpeak -t ../unified_data_repo/20170120_second/323T_gDNA_seal.hg19_bowtie1.bam -c ../unified_data_repo/20170120_second/323T_gDNA_input.hg19_bowtie1.bam -f BAM -g hs -n ../unified_data_repo/20170120_second/323T_gDNA_seal_vs_323T_gDNA_input.keep_dup_1 --qvalue 0.05 --keep-dup 1
# ARGUMENTS LIST:
# name = ../unified_data_repo/20170120_second/323T_gDNA_seal_vs_323T_gDNA_input.keep_dup_1
# format = BAM
# ChIP-seq file = ['../unified_data_repo/20170120_second/323T_gDNA_seal.hg19_bowtie1.bam']
# control file = ['../unified_data_repo/20170120_second/323T_gDNA_input.hg19_bowtie1.bam']
# effective genome size = 2.70e+09
# band width = 300
# model fold = [5, 50]
# qvalue cutoff = 5.00e-02
# Larger dataset will be scaled towards smaller dataset.
# Range for calculating regional lambda is: 1000 bps and 10000 bps
# Broad region calling is off
 
INFO  @ Thu, 02 Mar 2017 00:51:21: #1 read tag files... 
INFO  @ Thu, 02 Mar 2017 00:51:21: #1 read treatment tags... 
INFO  @ Thu, 02 Mar 2017 00:51:25:  1000000 
INFO  @ Thu, 02 Mar 2017 00:51:28:  2000000 
INFO  @ Thu, 02 Mar 2017 00:51:30:  3000000 
INFO  @ Thu, 02 Mar 2017 00:51:33:  4000000 
INFO  @ Thu, 02 Mar 2017 00:51:35:  5000000 
INFO  @ Thu, 02 Mar 2017 00:51:38:  6000000 
INFO  @ Thu, 02 Mar 2017 00:51:40:  7000000 
INFO  @ Thu, 02 Mar 2017 00:51:43:  8000000 
INFO  @ Thu, 02 Mar 2017 00:51:45:  9000000 
INFO  @ Thu, 02 Mar 2017 00:51:48:  10000000 
INFO  @ Thu, 02 Mar 2017 00:51:50:  11000000 
INFO  @ Thu, 02 Mar 2017 00:51:53:  12000000 
INFO  @ Thu, 02 Mar 2017 00:51:55:  13000000 
INFO  @ Thu, 02 Mar 2017 00:51:58:  14000000 
INFO  @ Thu, 02 Mar 2017 00:52:00:  15000000 
INFO  @ Thu, 02 Mar 2017 00:52:03:  16000000 
INFO  @ Thu, 02 Mar 2017 00:52:05:  17000000 
INFO  @ Thu, 02 Mar 2017 00:52:08:  18000000 
INFO  @ Thu, 02 Mar 2017 00:52:10:  19000000 
INFO  @ Thu, 02 Mar 2017 00:52:13:  20000000 
INFO  @ Thu, 02 Mar 2017 00:52:15:  21000000 
INFO  @ Thu, 02 Mar 2017 00:52:17:  22000000 
INFO  @ Thu, 02 Mar 2017 00:52:20:  23000000 
INFO  @ Thu, 02 Mar 2017 00:52:22:  24000000 
INFO  @ Thu, 02 Mar 2017 00:52:25:  25000000 
INFO  @ Thu, 02 Mar 2017 00:52:28:  26000000 
INFO  @ Thu, 02 Mar 2017 00:52:30:  27000000 
INFO  @ Thu, 02 Mar 2017 00:52:33:  28000000 
INFO  @ Thu, 02 Mar 2017 00:52:35:  29000000 
INFO  @ Thu, 02 Mar 2017 00:52:38:  30000000 
INFO  @ Thu, 02 Mar 2017 00:52:40:  31000000 
INFO  @ Thu, 02 Mar 2017 00:52:43:  32000000 
INFO  @ Thu, 02 Mar 2017 00:52:46:  33000000 
INFO  @ Thu, 02 Mar 2017 00:52:48:  34000000 
INFO  @ Thu, 02 Mar 2017 00:52:51:  35000000 
INFO  @ Thu, 02 Mar 2017 00:52:53:  36000000 
INFO  @ Thu, 02 Mar 2017 00:52:55:  37000000 
INFO  @ Thu, 02 Mar 2017 00:52:58:  38000000 
INFO  @ Thu, 02 Mar 2017 00:53:00:  39000000 
INFO  @ Thu, 02 Mar 2017 00:53:02:  40000000 
INFO  @ Thu, 02 Mar 2017 00:53:05:  41000000 
INFO  @ Thu, 02 Mar 2017 00:53:07:  42000000 
INFO  @ Thu, 02 Mar 2017 00:53:09:  43000000 
INFO  @ Thu, 02 Mar 2017 00:53:12:  44000000 
INFO  @ Thu, 02 Mar 2017 00:53:14:  45000000 
INFO  @ Thu, 02 Mar 2017 00:53:16:  46000000 
INFO  @ Thu, 02 Mar 2017 00:53:19:  47000000 
INFO  @ Thu, 02 Mar 2017 00:53:22: #1.2 read input tags... 
INFO  @ Thu, 02 Mar 2017 00:53:24:  1000000 
INFO  @ Thu, 02 Mar 2017 00:53:26:  2000000 
INFO  @ Thu, 02 Mar 2017 00:53:29:  3000000 
INFO  @ Thu, 02 Mar 2017 00:53:31:  4000000 
INFO  @ Thu, 02 Mar 2017 00:53:34:  5000000 
INFO  @ Thu, 02 Mar 2017 00:53:36:  6000000 
INFO  @ Thu, 02 Mar 2017 00:53:38:  7000000 
INFO  @ Thu, 02 Mar 2017 00:53:41:  8000000 
INFO  @ Thu, 02 Mar 2017 00:53:43:  9000000 
INFO  @ Thu, 02 Mar 2017 00:53:46:  10000000 
INFO  @ Thu, 02 Mar 2017 00:53:48:  11000000 
INFO  @ Thu, 02 Mar 2017 00:53:50:  12000000 
INFO  @ Thu, 02 Mar 2017 00:53:53:  13000000 
INFO  @ Thu, 02 Mar 2017 00:53:55:  14000000 
INFO  @ Thu, 02 Mar 2017 00:53:58:  15000000 
INFO  @ Thu, 02 Mar 2017 00:54:00:  16000000 
INFO  @ Thu, 02 Mar 2017 00:54:03:  17000000 
INFO  @ Thu, 02 Mar 2017 00:54:05:  18000000 
INFO  @ Thu, 02 Mar 2017 00:54:08:  19000000 
INFO  @ Thu, 02 Mar 2017 00:54:10:  20000000 
INFO  @ Thu, 02 Mar 2017 00:54:13:  21000000 
INFO  @ Thu, 02 Mar 2017 00:54:15:  22000000 
INFO  @ Thu, 02 Mar 2017 00:54:18:  23000000 
INFO  @ Thu, 02 Mar 2017 00:54:20:  24000000 
INFO  @ Thu, 02 Mar 2017 00:54:22:  25000000 
INFO  @ Thu, 02 Mar 2017 00:54:25:  26000000 
INFO  @ Thu, 02 Mar 2017 00:54:27:  27000000 
INFO  @ Thu, 02 Mar 2017 00:54:30:  28000000 
INFO  @ Thu, 02 Mar 2017 00:54:32:  29000000 
INFO  @ Thu, 02 Mar 2017 00:54:34:  30000000 
INFO  @ Thu, 02 Mar 2017 00:54:37:  31000000 
INFO  @ Thu, 02 Mar 2017 00:54:39:  32000000 
INFO  @ Thu, 02 Mar 2017 00:54:41:  33000000 
INFO  @ Thu, 02 Mar 2017 00:54:43:  34000000 
INFO  @ Thu, 02 Mar 2017 00:54:46:  35000000 
INFO  @ Thu, 02 Mar 2017 00:54:48:  36000000 
INFO  @ Thu, 02 Mar 2017 00:54:51:  37000000 
INFO  @ Thu, 02 Mar 2017 00:54:53:  38000000 
INFO  @ Thu, 02 Mar 2017 00:54:55:  39000000 
INFO  @ Thu, 02 Mar 2017 00:54:57:  40000000 
INFO  @ Thu, 02 Mar 2017 00:55:00:  41000000 
INFO  @ Thu, 02 Mar 2017 00:55:02:  42000000 
INFO  @ Thu, 02 Mar 2017 00:55:04:  43000000 
INFO  @ Thu, 02 Mar 2017 00:55:07:  44000000 
INFO  @ Thu, 02 Mar 2017 00:55:11: #1 tag size is determined as 50 bps 
INFO  @ Thu, 02 Mar 2017 00:55:11: #1 tag size = 50 
INFO  @ Thu, 02 Mar 2017 00:55:11: #1  total tags in treatment: 35287444 
INFO  @ Thu, 02 Mar 2017 00:55:11: #1 user defined the maximum tags... 
INFO  @ Thu, 02 Mar 2017 00:55:11: #1 filter out redundant tags at the same location and the same strand by allowing at most 1 tag(s) 
INFO  @ Thu, 02 Mar 2017 00:55:11: #1  tags after filtering in treatment: 4927626 
INFO  @ Thu, 02 Mar 2017 00:55:11: #1  Redundant rate of treatment: 0.86 
INFO  @ Thu, 02 Mar 2017 00:55:11: #1  total tags in control: 29169857 
INFO  @ Thu, 02 Mar 2017 00:55:11: #1 user defined the maximum tags... 
INFO  @ Thu, 02 Mar 2017 00:55:11: #1 filter out redundant tags at the same location and the same strand by allowing at most 1 tag(s) 
INFO  @ Thu, 02 Mar 2017 00:55:12: #1  tags after filtering in control: 26489288 
INFO  @ Thu, 02 Mar 2017 00:55:12: #1  Redundant rate of control: 0.09 
INFO  @ Thu, 02 Mar 2017 00:55:12: #1 finished! 
INFO  @ Thu, 02 Mar 2017 00:55:12: #2 Build Peak Model... 
INFO  @ Thu, 02 Mar 2017 00:55:12: #2 looking for paired plus/minus strand peaks... 
INFO  @ Thu, 02 Mar 2017 00:55:14: #2 number of paired peaks: 95357 
INFO  @ Thu, 02 Mar 2017 00:55:14: start model_add_line... 
INFO  @ Thu, 02 Mar 2017 00:55:14: start X-correlation... 
INFO  @ Thu, 02 Mar 2017 00:55:14: end of X-cor 
INFO  @ Thu, 02 Mar 2017 00:55:14: #2 finished! 
INFO  @ Thu, 02 Mar 2017 00:55:14: #2 predicted fragment length is 109 bps 
INFO  @ Thu, 02 Mar 2017 00:55:14: #2 alternative fragment length(s) may be 109 bps 
INFO  @ Thu, 02 Mar 2017 00:55:14: #2.2 Generate R script for model : ../unified_data_repo/20170120_second/323T_gDNA_seal_vs_323T_gDNA_input.keep_dup_1_model.r 
INFO  @ Thu, 02 Mar 2017 00:55:14: #3 Call peaks... 
INFO  @ Thu, 02 Mar 2017 00:55:14: #3 Pre-compute pvalue-qvalue table... 
INFO  @ Thu, 02 Mar 2017 00:56:11: #3 Call peaks for each chromosome... 
INFO  @ Thu, 02 Mar 2017 00:56:45: #4 Write output xls file... ../unified_data_repo/20170120_second/323T_gDNA_seal_vs_323T_gDNA_input.keep_dup_1_peaks.xls 
INFO  @ Thu, 02 Mar 2017 00:56:46: #4 Write peak in narrowPeak format file... ../unified_data_repo/20170120_second/323T_gDNA_seal_vs_323T_gDNA_input.keep_dup_1_peaks.narrowPeak 
INFO  @ Thu, 02 Mar 2017 00:56:46: #4 Write summits bed file... ../unified_data_repo/20170120_second/323T_gDNA_seal_vs_323T_gDNA_input.keep_dup_1_summits.bed 
INFO  @ Thu, 02 Mar 2017 00:56:46: Done! 
Exception in thread Thread-1:
Traceback (most recent call last):
  File "/media/yuwen/F/tools/miniconda3/lib/python3.5/threading.py", line 914, in _bootstrap_inner
    self.run()
  File "/media/yuwen/F/tools/miniconda3/lib/python3.5/site-packages/sos-0.8.4.1-py3.5.egg/sos/utils.py", line 1011, in run
    with self.term.location(0, self.term.height - self.get_index() - 1):
TypeError: unsupported operand type(s) for -: 'NoneType' and 'int'

INFO: macs2_call_peak_0 output:   [32m['../unified_data_repo/20170120_second/323T_gDNA_seal_vs_323T_gDNA_input.keep_dup_1_peaks.narrowPeak'][0m
INFO: Workflow macs2_call_peak (ID=fbe29db03bc2857f) is executed successfully.
INFO: Executing [32mmacs2_call_peak_0[0m: gunzip the raw sequencing file with a filename file_name
INFO: macs2_call_peak_0 input:    [32m['../unified_data_repo/20170120_second/323T_hmC_seal_cfDNA.hg19_bowtie1.bam', '../unified_data_repo/20170120_second/323T_cfDNA_input.hg19_bowtie1.bam'][0m
INFO  @ Thu, 02 Mar 2017 00:56:49: 
# Command line: callpeak -t ../unified_data_repo/20170120_second/323T_hmC_seal_cfDNA.hg19_bowtie1.bam -c ../unified_data_repo/20170120_second/323T_cfDNA_input.hg19_bowtie1.bam -f BAM -g hs -n ../unified_data_repo/20170120_second/323T_hmc_seal_cfDNA_vs_323T_cfDNA_input.keep_dup_1 --qvalue 0.05 --keep-dup 1
# ARGUMENTS LIST:
# name = ../unified_data_repo/20170120_second/323T_hmc_seal_cfDNA_vs_323T_cfDNA_input.keep_dup_1
# format = BAM
# ChIP-seq file = ['../unified_data_repo/20170120_second/323T_hmC_seal_cfDNA.hg19_bowtie1.bam']
# control file = ['../unified_data_repo/20170120_second/323T_cfDNA_input.hg19_bowtie1.bam']
# effective genome size = 2.70e+09
# band width = 300
# model fold = [5, 50]
# qvalue cutoff = 5.00e-02
# Larger dataset will be scaled towards smaller dataset.
# Range for calculating regional lambda is: 1000 bps and 10000 bps
# Broad region calling is off
 
INFO  @ Thu, 02 Mar 2017 00:56:49: #1 read tag files... 
INFO  @ Thu, 02 Mar 2017 00:56:49: #1 read treatment tags... 
INFO  @ Thu, 02 Mar 2017 00:56:54:  1000000 
INFO  @ Thu, 02 Mar 2017 00:56:57:  2000000 
INFO  @ Thu, 02 Mar 2017 00:57:01:  3000000 
INFO  @ Thu, 02 Mar 2017 00:57:05:  4000000 
INFO  @ Thu, 02 Mar 2017 00:57:09:  5000000 
INFO  @ Thu, 02 Mar 2017 00:57:13:  6000000 
INFO  @ Thu, 02 Mar 2017 00:57:16:  7000000 
INFO  @ Thu, 02 Mar 2017 00:57:20:  8000000 
INFO  @ Thu, 02 Mar 2017 00:57:22:  9000000 
INFO  @ Thu, 02 Mar 2017 00:57:25:  10000000 
INFO  @ Thu, 02 Mar 2017 00:57:27:  11000000 
INFO  @ Thu, 02 Mar 2017 00:57:30:  12000000 
INFO  @ Thu, 02 Mar 2017 00:57:33:  13000000 
INFO  @ Thu, 02 Mar 2017 00:57:35:  14000000 
INFO  @ Thu, 02 Mar 2017 00:57:38:  15000000 
INFO  @ Thu, 02 Mar 2017 00:57:40:  16000000 
INFO  @ Thu, 02 Mar 2017 00:57:42:  17000000 
INFO  @ Thu, 02 Mar 2017 00:57:45:  18000000 
INFO  @ Thu, 02 Mar 2017 00:57:47:  19000000 
INFO  @ Thu, 02 Mar 2017 00:57:50:  20000000 
INFO  @ Thu, 02 Mar 2017 00:57:52:  21000000 
INFO  @ Thu, 02 Mar 2017 00:57:55:  22000000 
INFO  @ Thu, 02 Mar 2017 00:57:57:  23000000 
INFO  @ Thu, 02 Mar 2017 00:58:00:  24000000 
INFO  @ Thu, 02 Mar 2017 00:58:03:  25000000 
INFO  @ Thu, 02 Mar 2017 00:58:06:  26000000 
INFO  @ Thu, 02 Mar 2017 00:58:09:  27000000 
INFO  @ Thu, 02 Mar 2017 00:58:11:  28000000 
INFO  @ Thu, 02 Mar 2017 00:58:14:  29000000 
INFO  @ Thu, 02 Mar 2017 00:58:17:  30000000 
INFO  @ Thu, 02 Mar 2017 00:58:20:  31000000 
INFO  @ Thu, 02 Mar 2017 00:58:23:  32000000 
INFO  @ Thu, 02 Mar 2017 00:58:25:  33000000 
INFO  @ Thu, 02 Mar 2017 00:58:28:  34000000 
INFO  @ Thu, 02 Mar 2017 00:58:31:  35000000 
INFO  @ Thu, 02 Mar 2017 00:58:34:  36000000 
INFO  @ Thu, 02 Mar 2017 00:58:36:  37000000 
INFO  @ Thu, 02 Mar 2017 00:58:38:  38000000 
INFO  @ Thu, 02 Mar 2017 00:58:41:  39000000 
INFO  @ Thu, 02 Mar 2017 00:58:43:  40000000 
INFO  @ Thu, 02 Mar 2017 00:58:46:  41000000 
INFO  @ Thu, 02 Mar 2017 00:58:48:  42000000 
INFO  @ Thu, 02 Mar 2017 00:58:51:  43000000 
INFO  @ Thu, 02 Mar 2017 00:58:54:  44000000 
INFO  @ Thu, 02 Mar 2017 00:58:56:  45000000 
INFO  @ Thu, 02 Mar 2017 00:58:59:  46000000 
INFO  @ Thu, 02 Mar 2017 00:59:01:  47000000 
INFO  @ Thu, 02 Mar 2017 00:59:03:  48000000 
INFO  @ Thu, 02 Mar 2017 00:59:06: #1.2 read input tags... 
INFO  @ Thu, 02 Mar 2017 00:59:09:  1000000 
INFO  @ Thu, 02 Mar 2017 00:59:11:  2000000 
INFO  @ Thu, 02 Mar 2017 00:59:13:  3000000 
INFO  @ Thu, 02 Mar 2017 00:59:16:  4000000 
INFO  @ Thu, 02 Mar 2017 00:59:18:  5000000 
INFO  @ Thu, 02 Mar 2017 00:59:22:  6000000 
INFO  @ Thu, 02 Mar 2017 00:59:26:  7000000 
INFO  @ Thu, 02 Mar 2017 00:59:30:  8000000 
INFO  @ Thu, 02 Mar 2017 00:59:32:  9000000 
INFO  @ Thu, 02 Mar 2017 00:59:35:  10000000 
INFO  @ Thu, 02 Mar 2017 00:59:38:  11000000 
INFO  @ Thu, 02 Mar 2017 00:59:40:  12000000 
INFO  @ Thu, 02 Mar 2017 00:59:43:  13000000 
INFO  @ Thu, 02 Mar 2017 00:59:45:  14000000 
INFO  @ Thu, 02 Mar 2017 00:59:48:  15000000 
INFO  @ Thu, 02 Mar 2017 00:59:50:  16000000 
INFO  @ Thu, 02 Mar 2017 00:59:53:  17000000 
INFO  @ Thu, 02 Mar 2017 00:59:55:  18000000 
INFO  @ Thu, 02 Mar 2017 00:59:58:  19000000 
INFO  @ Thu, 02 Mar 2017 01:00:01:  20000000 
INFO  @ Thu, 02 Mar 2017 01:00:03:  21000000 
INFO  @ Thu, 02 Mar 2017 01:00:07:  22000000 
INFO  @ Thu, 02 Mar 2017 01:00:11:  23000000 
INFO  @ Thu, 02 Mar 2017 01:00:15:  24000000 
INFO  @ Thu, 02 Mar 2017 01:00:19:  25000000 
INFO  @ Thu, 02 Mar 2017 01:00:23:  26000000 
INFO  @ Thu, 02 Mar 2017 01:00:26:  27000000 
INFO  @ Thu, 02 Mar 2017 01:00:29:  28000000 
INFO  @ Thu, 02 Mar 2017 01:00:32:  29000000 
INFO  @ Thu, 02 Mar 2017 01:00:35:  30000000 
INFO  @ Thu, 02 Mar 2017 01:00:37:  31000000 
INFO  @ Thu, 02 Mar 2017 01:00:40:  32000000 
INFO  @ Thu, 02 Mar 2017 01:00:42:  33000000 
INFO  @ Thu, 02 Mar 2017 01:00:45:  34000000 
INFO  @ Thu, 02 Mar 2017 01:00:47:  35000000 
INFO  @ Thu, 02 Mar 2017 01:00:50:  36000000 
INFO  @ Thu, 02 Mar 2017 01:00:53:  37000000 
INFO  @ Thu, 02 Mar 2017 01:00:55:  38000000 
INFO  @ Thu, 02 Mar 2017 01:00:58:  39000000 
INFO  @ Thu, 02 Mar 2017 01:01:00:  40000000 
INFO  @ Thu, 02 Mar 2017 01:01:03:  41000000 
INFO  @ Thu, 02 Mar 2017 01:01:06:  42000000 
INFO  @ Thu, 02 Mar 2017 01:01:08:  43000000 
INFO  @ Thu, 02 Mar 2017 01:01:11:  44000000 
INFO  @ Thu, 02 Mar 2017 01:01:13:  45000000 
INFO  @ Thu, 02 Mar 2017 01:01:16:  46000000 
INFO  @ Thu, 02 Mar 2017 01:01:19:  47000000 
INFO  @ Thu, 02 Mar 2017 01:01:21:  48000000 
INFO  @ Thu, 02 Mar 2017 01:01:24:  49000000 
INFO  @ Thu, 02 Mar 2017 01:01:27:  50000000 
INFO  @ Thu, 02 Mar 2017 01:01:30:  51000000 
INFO  @ Thu, 02 Mar 2017 01:01:33:  52000000 
INFO  @ Thu, 02 Mar 2017 01:01:35:  53000000 
INFO  @ Thu, 02 Mar 2017 01:01:38:  54000000 
INFO  @ Thu, 02 Mar 2017 01:01:41:  55000000 
INFO  @ Thu, 02 Mar 2017 01:01:43:  56000000 
INFO  @ Thu, 02 Mar 2017 01:01:46:  57000000 
INFO  @ Thu, 02 Mar 2017 01:01:49:  58000000 
INFO  @ Thu, 02 Mar 2017 01:01:52:  59000000 
INFO  @ Thu, 02 Mar 2017 01:01:55:  60000000 
INFO  @ Thu, 02 Mar 2017 01:01:58:  61000000 
INFO  @ Thu, 02 Mar 2017 01:02:02: #1 tag size is determined as 50 bps 
INFO  @ Thu, 02 Mar 2017 01:02:02: #1 tag size = 50 
INFO  @ Thu, 02 Mar 2017 01:02:02: #1  total tags in treatment: 39573092 
INFO  @ Thu, 02 Mar 2017 01:02:02: #1 user defined the maximum tags... 
INFO  @ Thu, 02 Mar 2017 01:02:02: #1 filter out redundant tags at the same location and the same strand by allowing at most 1 tag(s) 
INFO  @ Thu, 02 Mar 2017 01:02:03: #1  tags after filtering in treatment: 31472402 
INFO  @ Thu, 02 Mar 2017 01:02:03: #1  Redundant rate of treatment: 0.20 
INFO  @ Thu, 02 Mar 2017 01:02:03: #1  total tags in control: 46776326 
INFO  @ Thu, 02 Mar 2017 01:02:03: #1 user defined the maximum tags... 
INFO  @ Thu, 02 Mar 2017 01:02:03: #1 filter out redundant tags at the same location and the same strand by allowing at most 1 tag(s) 
INFO  @ Thu, 02 Mar 2017 01:02:04: #1  tags after filtering in control: 43708432 
INFO  @ Thu, 02 Mar 2017 01:02:04: #1  Redundant rate of control: 0.07 
INFO  @ Thu, 02 Mar 2017 01:02:04: #1 finished! 
INFO  @ Thu, 02 Mar 2017 01:02:04: #2 Build Peak Model... 
INFO  @ Thu, 02 Mar 2017 01:02:04: #2 looking for paired plus/minus strand peaks... 
INFO  @ Thu, 02 Mar 2017 01:02:09: #2 number of paired peaks: 136245 
INFO  @ Thu, 02 Mar 2017 01:02:09: start model_add_line... 
INFO  @ Thu, 02 Mar 2017 01:02:09: start X-correlation... 
INFO  @ Thu, 02 Mar 2017 01:02:09: end of X-cor 
INFO  @ Thu, 02 Mar 2017 01:02:09: #2 finished! 
INFO  @ Thu, 02 Mar 2017 01:02:09: #2 predicted fragment length is 168 bps 
INFO  @ Thu, 02 Mar 2017 01:02:09: #2 alternative fragment length(s) may be 168 bps 
INFO  @ Thu, 02 Mar 2017 01:02:09: #2.2 Generate R script for model : ../unified_data_repo/20170120_second/323T_hmc_seal_cfDNA_vs_323T_cfDNA_input.keep_dup_1_model.r 
INFO  @ Thu, 02 Mar 2017 01:02:09: #3 Call peaks... 
INFO  @ Thu, 02 Mar 2017 01:02:09: #3 Pre-compute pvalue-qvalue table... 
INFO  @ Thu, 02 Mar 2017 01:04:05: #3 Call peaks for each chromosome... 
INFO  @ Thu, 02 Mar 2017 01:05:10: #4 Write output xls file... ../unified_data_repo/20170120_second/323T_hmc_seal_cfDNA_vs_323T_cfDNA_input.keep_dup_1_peaks.xls 
INFO  @ Thu, 02 Mar 2017 01:05:12: #4 Write peak in narrowPeak format file... ../unified_data_repo/20170120_second/323T_hmc_seal_cfDNA_vs_323T_cfDNA_input.keep_dup_1_peaks.narrowPeak 
INFO  @ Thu, 02 Mar 2017 01:05:14: #4 Write summits bed file... ../unified_data_repo/20170120_second/323T_hmc_seal_cfDNA_vs_323T_cfDNA_input.keep_dup_1_summits.bed 
INFO  @ Thu, 02 Mar 2017 01:05:15: Done! 
Exception in thread Thread-1:
Traceback (most recent call last):
  File "/media/yuwen/F/tools/miniconda3/lib/python3.5/threading.py", line 914, in _bootstrap_inner
    self.run()
  File "/media/yuwen/F/tools/miniconda3/lib/python3.5/site-packages/sos-0.8.4.1-py3.5.egg/sos/utils.py", line 1011, in run
    with self.term.location(0, self.term.height - self.get_index() - 1):
TypeError: unsupported operand type(s) for -: 'NoneType' and 'int'

INFO: macs2_call_peak_0 output:   [32m['../unified_data_repo/20170120_second/323T_hmc_seal_cfDNA_vs_323T_cfDNA_input.keep_dup_1_peaks.narrowPeak'][0m
INFO: Workflow macs2_call_peak (ID=7709e481795b0f65) is executed successfully.
INFO  @ Thu, 09 Mar 2017 13:40:00: 
# Command line: callpeak -t ../other_annotations/epigenomic_annotation/mES_p300/GSM723018_RenLab-P300-mESC-DM182.bam -c ../other_annotations/epigenomic_annotation/mES_p300/GSM723020_RenLab-Input-mESC-DM161.bam -f BAM -g mm -n mES_p300_DM182_DM161_remove_dup --qvalue 0.05 --keep-dup 1
# ARGUMENTS LIST:
# name = mES_p300_DM182_DM161_remove_dup
# format = BAM
# ChIP-seq file = ['../other_annotations/epigenomic_annotation/mES_p300/GSM723018_RenLab-P300-mESC-DM182.bam']
# control file = ['../other_annotations/epigenomic_annotation/mES_p300/GSM723020_RenLab-Input-mESC-DM161.bam']
# effective genome size = 1.87e+09
# band width = 300
# model fold = [5, 50]
# qvalue cutoff = 5.00e-02
# Larger dataset will be scaled towards smaller dataset.
# Range for calculating regional lambda is: 1000 bps and 10000 bps
# Broad region calling is off
 
INFO  @ Thu, 09 Mar 2017 13:40:00: #1 read tag files... 
INFO  @ Thu, 09 Mar 2017 13:40:00: #1 read treatment tags... 
INFO  @ Thu, 09 Mar 2017 13:40:02:  1000000 
INFO  @ Thu, 09 Mar 2017 13:40:04:  2000000 
INFO  @ Thu, 09 Mar 2017 13:40:06:  3000000 
INFO  @ Thu, 09 Mar 2017 13:40:08:  4000000 
INFO  @ Thu, 09 Mar 2017 13:40:10:  5000000 
INFO  @ Thu, 09 Mar 2017 13:40:11:  6000000 
INFO  @ Thu, 09 Mar 2017 13:40:13:  7000000 
INFO  @ Thu, 09 Mar 2017 13:40:15:  8000000 
INFO  @ Thu, 09 Mar 2017 13:40:17:  9000000 
INFO  @ Thu, 09 Mar 2017 13:40:19:  10000000 
INFO  @ Thu, 09 Mar 2017 13:40:20:  11000000 
INFO  @ Thu, 09 Mar 2017 13:40:22:  12000000 
INFO  @ Thu, 09 Mar 2017 13:40:23:  13000000 
INFO  @ Thu, 09 Mar 2017 13:40:24:  14000000 
INFO  @ Thu, 09 Mar 2017 13:40:26: #1.2 read input tags... 
INFO  @ Thu, 09 Mar 2017 13:40:28:  1000000 
INFO  @ Thu, 09 Mar 2017 13:40:29:  2000000 
INFO  @ Thu, 09 Mar 2017 13:40:31:  3000000 
INFO  @ Thu, 09 Mar 2017 13:40:33:  4000000 
INFO  @ Thu, 09 Mar 2017 13:40:35:  5000000 
INFO  @ Thu, 09 Mar 2017 13:40:37:  6000000 
INFO  @ Thu, 09 Mar 2017 13:40:39:  7000000 
INFO  @ Thu, 09 Mar 2017 13:40:41:  8000000 
INFO  @ Thu, 09 Mar 2017 13:40:43:  9000000 
INFO  @ Thu, 09 Mar 2017 13:40:45:  10000000 
INFO  @ Thu, 09 Mar 2017 13:40:46:  11000000 
INFO  @ Thu, 09 Mar 2017 13:40:48: #1 tag size is determined as 36 bps 
INFO  @ Thu, 09 Mar 2017 13:40:48: #1 tag size = 36 
INFO  @ Thu, 09 Mar 2017 13:40:48: #1  total tags in treatment: 10041914 
INFO  @ Thu, 09 Mar 2017 13:40:48: #1 user defined the maximum tags... 
INFO  @ Thu, 09 Mar 2017 13:40:48: #1 filter out redundant tags at the same location and the same strand by allowing at most 1 tag(s) 
INFO  @ Thu, 09 Mar 2017 13:40:48: #1  tags after filtering in treatment: 9375539 
INFO  @ Thu, 09 Mar 2017 13:40:48: #1  Redundant rate of treatment: 0.07 
INFO  @ Thu, 09 Mar 2017 13:40:48: #1  total tags in control: 9705832 
INFO  @ Thu, 09 Mar 2017 13:40:48: #1 user defined the maximum tags... 
INFO  @ Thu, 09 Mar 2017 13:40:48: #1 filter out redundant tags at the same location and the same strand by allowing at most 1 tag(s) 
INFO  @ Thu, 09 Mar 2017 13:40:48: #1  tags after filtering in control: 9562715 
INFO  @ Thu, 09 Mar 2017 13:40:48: #1  Redundant rate of control: 0.01 
INFO  @ Thu, 09 Mar 2017 13:40:48: #1 finished! 
INFO  @ Thu, 09 Mar 2017 13:40:48: #2 Build Peak Model... 
INFO  @ Thu, 09 Mar 2017 13:40:48: #2 looking for paired plus/minus strand peaks... 
INFO  @ Thu, 09 Mar 2017 13:40:49: #2 number of paired peaks: 55872 
INFO  @ Thu, 09 Mar 2017 13:40:49: start model_add_line... 
INFO  @ Thu, 09 Mar 2017 13:40:49: start X-correlation... 
INFO  @ Thu, 09 Mar 2017 13:40:49: end of X-cor 
INFO  @ Thu, 09 Mar 2017 13:40:49: #2 finished! 
INFO  @ Thu, 09 Mar 2017 13:40:49: #2 predicted fragment length is 109 bps 
INFO  @ Thu, 09 Mar 2017 13:40:49: #2 alternative fragment length(s) may be 109 bps 
INFO  @ Thu, 09 Mar 2017 13:40:49: #2.2 Generate R script for model : mES_p300_DM182_DM161_remove_dup_model.r 
INFO  @ Thu, 09 Mar 2017 13:40:49: #3 Call peaks... 
INFO  @ Thu, 09 Mar 2017 13:40:49: #3 Pre-compute pvalue-qvalue table... 
INFO  @ Thu, 09 Mar 2017 13:41:15: #3 Call peaks for each chromosome... 
INFO  @ Thu, 09 Mar 2017 13:41:29: #4 Write output xls file... mES_p300_DM182_DM161_remove_dup_peaks.xls 
INFO  @ Thu, 09 Mar 2017 13:41:29: #4 Write peak in narrowPeak format file... mES_p300_DM182_DM161_remove_dup_peaks.narrowPeak 
INFO  @ Thu, 09 Mar 2017 13:41:29: #4 Write summits bed file... mES_p300_DM182_DM161_remove_dup_summits.bed 
INFO  @ Thu, 09 Mar 2017 13:41:29: Done! 
INFO  @ Thu, 09 Mar 2017 13:41:29: 
# Command line: callpeak -t ../other_annotations/epigenomic_annotation/mES_p300/GSM723018_RenLab-P300-mESC-DM186.bam -c ../other_annotations/epigenomic_annotation/mES_p300/GSM723020_RenLab-Input-mESC-DM162.bam -f BAM -g mm -n mES_p300_DM186_DM162_remove_dup --qvalue 0.05 --keep-dup 1
# ARGUMENTS LIST:
# name = mES_p300_DM186_DM162_remove_dup
# format = BAM
# ChIP-seq file = ['../other_annotations/epigenomic_annotation/mES_p300/GSM723018_RenLab-P300-mESC-DM186.bam']
# control file = ['../other_annotations/epigenomic_annotation/mES_p300/GSM723020_RenLab-Input-mESC-DM162.bam']
# effective genome size = 1.87e+09
# band width = 300
# model fold = [5, 50]
# qvalue cutoff = 5.00e-02
# Larger dataset will be scaled towards smaller dataset.
# Range for calculating regional lambda is: 1000 bps and 10000 bps
# Broad region calling is off
 
INFO  @ Thu, 09 Mar 2017 13:41:29: #1 read tag files... 
INFO  @ Thu, 09 Mar 2017 13:41:29: #1 read treatment tags... 
INFO  @ Thu, 09 Mar 2017 13:41:31:  1000000 
INFO  @ Thu, 09 Mar 2017 13:41:33:  2000000 
INFO  @ Thu, 09 Mar 2017 13:41:35:  3000000 
INFO  @ Thu, 09 Mar 2017 13:41:37:  4000000 
INFO  @ Thu, 09 Mar 2017 13:41:39:  5000000 
INFO  @ Thu, 09 Mar 2017 13:41:41:  6000000 
INFO  @ Thu, 09 Mar 2017 13:41:43:  7000000 
INFO  @ Thu, 09 Mar 2017 13:41:45:  8000000 
INFO  @ Thu, 09 Mar 2017 13:41:47:  9000000 
INFO  @ Thu, 09 Mar 2017 13:41:49:  10000000 
INFO  @ Thu, 09 Mar 2017 13:41:50:  11000000 
INFO  @ Thu, 09 Mar 2017 13:41:51:  12000000 
INFO  @ Thu, 09 Mar 2017 13:41:53:  13000000 
INFO  @ Thu, 09 Mar 2017 13:41:54:  14000000 
INFO  @ Thu, 09 Mar 2017 13:41:55:  15000000 
INFO  @ Thu, 09 Mar 2017 13:41:56: #1.2 read input tags... 
INFO  @ Thu, 09 Mar 2017 13:41:58:  1000000 
INFO  @ Thu, 09 Mar 2017 13:41:59:  2000000 
INFO  @ Thu, 09 Mar 2017 13:42:01:  3000000 
INFO  @ Thu, 09 Mar 2017 13:42:03:  4000000 
INFO  @ Thu, 09 Mar 2017 13:42:05:  5000000 
INFO  @ Thu, 09 Mar 2017 13:42:07:  6000000 
INFO  @ Thu, 09 Mar 2017 13:42:09:  7000000 
INFO  @ Thu, 09 Mar 2017 13:42:11:  8000000 
INFO  @ Thu, 09 Mar 2017 13:42:13:  9000000 
INFO  @ Thu, 09 Mar 2017 13:42:14:  10000000 
INFO  @ Thu, 09 Mar 2017 13:42:17:  11000000 
INFO  @ Thu, 09 Mar 2017 13:42:19:  12000000 
INFO  @ Thu, 09 Mar 2017 13:42:20:  13000000 
INFO  @ Thu, 09 Mar 2017 13:42:21:  14000000 
INFO  @ Thu, 09 Mar 2017 13:42:22:  15000000 
INFO  @ Thu, 09 Mar 2017 13:42:23: #1 tag size is determined as 36 bps 
INFO  @ Thu, 09 Mar 2017 13:42:23: #1 tag size = 36 
INFO  @ Thu, 09 Mar 2017 13:42:23: #1  total tags in treatment: 10280529 
INFO  @ Thu, 09 Mar 2017 13:42:23: #1 user defined the maximum tags... 
INFO  @ Thu, 09 Mar 2017 13:42:23: #1 filter out redundant tags at the same location and the same strand by allowing at most 1 tag(s) 
INFO  @ Thu, 09 Mar 2017 13:42:23: #1  tags after filtering in treatment: 9487819 
INFO  @ Thu, 09 Mar 2017 13:42:23: #1  Redundant rate of treatment: 0.08 
INFO  @ Thu, 09 Mar 2017 13:42:23: #1  total tags in control: 11954022 
INFO  @ Thu, 09 Mar 2017 13:42:23: #1 user defined the maximum tags... 
INFO  @ Thu, 09 Mar 2017 13:42:23: #1 filter out redundant tags at the same location and the same strand by allowing at most 1 tag(s) 
INFO  @ Thu, 09 Mar 2017 13:42:23: #1  tags after filtering in control: 11691373 
INFO  @ Thu, 09 Mar 2017 13:42:23: #1  Redundant rate of control: 0.02 
INFO  @ Thu, 09 Mar 2017 13:42:23: #1 finished! 
INFO  @ Thu, 09 Mar 2017 13:42:23: #2 Build Peak Model... 
INFO  @ Thu, 09 Mar 2017 13:42:23: #2 looking for paired plus/minus strand peaks... 
INFO  @ Thu, 09 Mar 2017 13:42:24: #2 number of paired peaks: 38945 
INFO  @ Thu, 09 Mar 2017 13:42:24: start model_add_line... 
INFO  @ Thu, 09 Mar 2017 13:42:24: start X-correlation... 
INFO  @ Thu, 09 Mar 2017 13:42:24: end of X-cor 
INFO  @ Thu, 09 Mar 2017 13:42:24: #2 finished! 
INFO  @ Thu, 09 Mar 2017 13:42:24: #2 predicted fragment length is 137 bps 
INFO  @ Thu, 09 Mar 2017 13:42:24: #2 alternative fragment length(s) may be 137 bps 
INFO  @ Thu, 09 Mar 2017 13:42:24: #2.2 Generate R script for model : mES_p300_DM186_DM162_remove_dup_model.r 
INFO  @ Thu, 09 Mar 2017 13:42:24: #3 Call peaks... 
INFO  @ Thu, 09 Mar 2017 13:42:24: #3 Pre-compute pvalue-qvalue table... 
INFO  @ Thu, 09 Mar 2017 13:42:52: #3 Call peaks for each chromosome... 
INFO  @ Thu, 09 Mar 2017 13:43:07: #4 Write output xls file... mES_p300_DM186_DM162_remove_dup_peaks.xls 
INFO  @ Thu, 09 Mar 2017 13:43:07: #4 Write peak in narrowPeak format file... mES_p300_DM186_DM162_remove_dup_peaks.narrowPeak 
INFO  @ Thu, 09 Mar 2017 13:43:07: #4 Write summits bed file... mES_p300_DM186_DM162_remove_dup_summits.bed 
INFO  @ Thu, 09 Mar 2017 13:43:07: Done! 
